<?xml version="1.0" encoding="UTF-8" ?>
<testsuite tests="1" failures="0" name="TestSuite" time="48.736" errors="0" skipped="0">
  <properties>
    <property name="java.runtime.name" value="Java(TM) SE Runtime Environment"/>
    <property name="sun.boot.library.path" value="/Library/Java/JavaVirtualMachines/jdk1.8.0_51.jdk/Contents/Home/jre/lib"/>
    <property name="java.vm.version" value="25.51-b03"/>
    <property name="user.country.format" value="IN"/>
    <property name="gopherProxySet" value="false"/>
    <property name="java.vm.vendor" value="Oracle Corporation"/>
    <property name="java.vendor.url" value="http://java.oracle.com/"/>
    <property name="path.separator" value=":"/>
    <property name="java.vm.name" value="Java HotSpot(TM) 64-Bit Server VM"/>
    <property name="file.encoding.pkg" value="sun.io"/>
    <property name="user.country" value="US"/>
    <property name="sun.java.launcher" value="SUN_STANDARD"/>
    <property name="sun.os.patch.level" value="unknown"/>
    <property name="java.vm.specification.name" value="Java Virtual Machine Specification"/>
    <property name="user.dir" value="/Users/kaushik.p/Downloads/ViewabilityTest"/>
    <property name="java.runtime.version" value="1.8.0_51-b16"/>
    <property name="java.awt.graphicsenv" value="sun.awt.CGraphicsEnvironment"/>
    <property name="basedir" value="/Users/kaushik.p/Downloads/ViewabilityTest"/>
    <property name="java.endorsed.dirs" value="/Library/Java/JavaVirtualMachines/jdk1.8.0_51.jdk/Contents/Home/jre/lib/endorsed"/>
    <property name="os.arch" value="x86_64"/>
    <property name="surefire.real.class.path" value="/Users/kaushik.p/Downloads/ViewabilityTest/target/surefire/surefirebooter6772140531025293031.jar"/>
    <property name="java.io.tmpdir" value="/var/folders/jz/1l2kkw6j3c9f5jhsgp1l593c7w6c__/T/"/>
    <property name="line.separator" value="
"/>
    <property name="java.vm.specification.vendor" value="Oracle Corporation"/>
    <property name="os.name" value="Mac OS X"/>
    <property name="sun.jnu.encoding" value="UTF-8"/>
    <property name="java.library.path" value="/Users/kaushik.p/Library/Java/Extensions:/Library/Java/Extensions:/Network/Library/Java/Extensions:/System/Library/Java/Extensions:/usr/lib/java:."/>
    <property name="surefire.test.class.path" value="/Users/kaushik.p/Downloads/ViewabilityTest/target/test-classes:/Users/kaushik.p/Downloads/ViewabilityTest/target/classes:/Users/kaushik.p/.m2/repository/org/seleniumhq/selenium/selenium-remote-driver/2.43.1/selenium-remote-driver-2.43.1.jar:/Users/kaushik.p/.m2/repository/cglib/cglib-nodep/2.1_3/cglib-nodep-2.1_3.jar:/Users/kaushik.p/.m2/repository/org/json/json/20080701/json-20080701.jar:/Users/kaushik.p/.m2/repository/org/apache/httpcomponents/httpclient/4.3.4/httpclient-4.3.4.jar:/Users/kaushik.p/.m2/repository/org/apache/httpcomponents/httpcore/4.3.2/httpcore-4.3.2.jar:/Users/kaushik.p/.m2/repository/commons-logging/commons-logging/1.1.3/commons-logging-1.1.3.jar:/Users/kaushik.p/.m2/repository/commons-codec/commons-codec/1.6/commons-codec-1.6.jar:/Users/kaushik.p/.m2/repository/com/google/guava/guava/15.0/guava-15.0.jar:/Users/kaushik.p/.m2/repository/org/apache/commons/commons-exec/1.1/commons-exec-1.1.jar:/Users/kaushik.p/.m2/repository/net/java/dev/jna/jna/3.4.0/jna-3.4.0.jar:/Users/kaushik.p/.m2/repository/net/java/dev/jna/platform/3.4.0/platform-3.4.0.jar:/Users/kaushik.p/.m2/repository/org/seleniumhq/selenium/selenium-java/2.43.1/selenium-java-2.43.1.jar:/Users/kaushik.p/.m2/repository/org/seleniumhq/selenium/selenium-chrome-driver/2.43.1/selenium-chrome-driver-2.43.1.jar:/Users/kaushik.p/.m2/repository/org/seleniumhq/selenium/selenium-htmlunit-driver/2.43.1/selenium-htmlunit-driver-2.43.1.jar:/Users/kaushik.p/.m2/repository/net/sourceforge/htmlunit/htmlunit/2.15/htmlunit-2.15.jar:/Users/kaushik.p/.m2/repository/xalan/xalan/2.7.1/xalan-2.7.1.jar:/Users/kaushik.p/.m2/repository/xalan/serializer/2.7.1/serializer-2.7.1.jar:/Users/kaushik.p/.m2/repository/commons-collections/commons-collections/3.2.1/commons-collections-3.2.1.jar:/Users/kaushik.p/.m2/repository/org/apache/commons/commons-lang3/3.3.2/commons-lang3-3.3.2.jar:/Users/kaushik.p/.m2/repository/org/apache/httpcomponents/httpmime/4.3.3/httpmime-4.3.3.jar:/Users/kaushik.p/.m2/repository/net/sourceforge/htmlunit/htmlunit-core-js/2.15/htmlunit-core-js-2.15.jar:/Users/kaushik.p/.m2/repository/xerces/xercesImpl/2.11.0/xercesImpl-2.11.0.jar:/Users/kaushik.p/.m2/repository/xml-apis/xml-apis/1.4.01/xml-apis-1.4.01.jar:/Users/kaushik.p/.m2/repository/net/sourceforge/nekohtml/nekohtml/1.9.21/nekohtml-1.9.21.jar:/Users/kaushik.p/.m2/repository/net/sourceforge/cssparser/cssparser/0.9.14/cssparser-0.9.14.jar:/Users/kaushik.p/.m2/repository/org/w3c/css/sac/1.3/sac-1.3.jar:/Users/kaushik.p/.m2/repository/org/eclipse/jetty/jetty-websocket/8.1.15.v20140411/jetty-websocket-8.1.15.v20140411.jar:/Users/kaushik.p/.m2/repository/org/eclipse/jetty/jetty-util/8.1.15.v20140411/jetty-util-8.1.15.v20140411.jar:/Users/kaushik.p/.m2/repository/org/eclipse/jetty/jetty-io/8.1.15.v20140411/jetty-io-8.1.15.v20140411.jar:/Users/kaushik.p/.m2/repository/org/eclipse/jetty/jetty-http/8.1.15.v20140411/jetty-http-8.1.15.v20140411.jar:/Users/kaushik.p/.m2/repository/org/seleniumhq/selenium/selenium-firefox-driver/2.43.1/selenium-firefox-driver-2.43.1.jar:/Users/kaushik.p/.m2/repository/commons-io/commons-io/2.4/commons-io-2.4.jar:/Users/kaushik.p/.m2/repository/org/seleniumhq/selenium/selenium-ie-driver/2.43.1/selenium-ie-driver-2.43.1.jar:/Users/kaushik.p/.m2/repository/org/seleniumhq/selenium/selenium-safari-driver/2.43.1/selenium-safari-driver-2.43.1.jar:/Users/kaushik.p/.m2/repository/org/seleniumhq/selenium/selenium-support/2.43.1/selenium-support-2.43.1.jar:/Users/kaushik.p/.m2/repository/org/webbitserver/webbit/0.4.15/webbit-0.4.15.jar:/Users/kaushik.p/.m2/repository/io/netty/netty/3.5.5.Final/netty-3.5.5.Final.jar:/Users/kaushik.p/.m2/repository/org/seleniumhq/selenium/selenium-api/2.43.1/selenium-api-2.43.1.jar:/Users/kaushik.p/.m2/repository/org/testng/testng/6.8/testng-6.8.jar:/Users/kaushik.p/.m2/repository/junit/junit/4.10/junit-4.10.jar:/Users/kaushik.p/.m2/repository/org/hamcrest/hamcrest-core/1.1/hamcrest-core-1.1.jar:/Users/kaushik.p/.m2/repository/org/beanshell/bsh/2.0b4/bsh-2.0b4.jar:/Users/kaushik.p/.m2/repository/com/beust/jcommander/1.27/jcommander-1.27.jar:/Users/kaushik.p/.m2/repository/org/yaml/snakeyaml/1.6/snakeyaml-1.6.jar:/Users/kaushik.p/.m2/repository/io/appium/java-client/2.1.0/java-client-2.1.0.jar:/Users/kaushik.p/.m2/repository/com/google/code/gson/gson/2.2.4/gson-2.2.4.jar:/Users/kaushik.p/.m2/repository/cglib/cglib/3.1/cglib-3.1.jar:/Users/kaushik.p/.m2/repository/org/ow2/asm/asm/4.2/asm-4.2.jar:"/>
    <property name="java.specification.name" value="Java Platform API Specification"/>
    <property name="java.class.version" value="52.0"/>
    <property name="sun.management.compiler" value="HotSpot 64-Bit Tiered Compilers"/>
    <property name="os.version" value="10.10.3"/>
    <property name="http.nonProxyHosts" value="local|*.local|169.254/16|*.169.254/16"/>
    <property name="user.home" value="/Users/kaushik.p"/>
    <property name="user.timezone" value="Asia/Kolkata"/>
    <property name="java.awt.printerjob" value="sun.lwawt.macosx.CPrinterJob"/>
    <property name="java.specification.version" value="1.8"/>
    <property name="file.encoding" value="UTF-8"/>
    <property name="user.name" value="kaushik.p"/>
    <property name="java.class.path" value="/Users/kaushik.p/Downloads/ViewabilityTest/target/test-classes:/Users/kaushik.p/Downloads/ViewabilityTest/target/classes:/Users/kaushik.p/.m2/repository/org/seleniumhq/selenium/selenium-remote-driver/2.43.1/selenium-remote-driver-2.43.1.jar:/Users/kaushik.p/.m2/repository/cglib/cglib-nodep/2.1_3/cglib-nodep-2.1_3.jar:/Users/kaushik.p/.m2/repository/org/json/json/20080701/json-20080701.jar:/Users/kaushik.p/.m2/repository/org/apache/httpcomponents/httpclient/4.3.4/httpclient-4.3.4.jar:/Users/kaushik.p/.m2/repository/org/apache/httpcomponents/httpcore/4.3.2/httpcore-4.3.2.jar:/Users/kaushik.p/.m2/repository/commons-logging/commons-logging/1.1.3/commons-logging-1.1.3.jar:/Users/kaushik.p/.m2/repository/commons-codec/commons-codec/1.6/commons-codec-1.6.jar:/Users/kaushik.p/.m2/repository/com/google/guava/guava/15.0/guava-15.0.jar:/Users/kaushik.p/.m2/repository/org/apache/commons/commons-exec/1.1/commons-exec-1.1.jar:/Users/kaushik.p/.m2/repository/net/java/dev/jna/jna/3.4.0/jna-3.4.0.jar:/Users/kaushik.p/.m2/repository/net/java/dev/jna/platform/3.4.0/platform-3.4.0.jar:/Users/kaushik.p/.m2/repository/org/seleniumhq/selenium/selenium-java/2.43.1/selenium-java-2.43.1.jar:/Users/kaushik.p/.m2/repository/org/seleniumhq/selenium/selenium-chrome-driver/2.43.1/selenium-chrome-driver-2.43.1.jar:/Users/kaushik.p/.m2/repository/org/seleniumhq/selenium/selenium-htmlunit-driver/2.43.1/selenium-htmlunit-driver-2.43.1.jar:/Users/kaushik.p/.m2/repository/net/sourceforge/htmlunit/htmlunit/2.15/htmlunit-2.15.jar:/Users/kaushik.p/.m2/repository/xalan/xalan/2.7.1/xalan-2.7.1.jar:/Users/kaushik.p/.m2/repository/xalan/serializer/2.7.1/serializer-2.7.1.jar:/Users/kaushik.p/.m2/repository/commons-collections/commons-collections/3.2.1/commons-collections-3.2.1.jar:/Users/kaushik.p/.m2/repository/org/apache/commons/commons-lang3/3.3.2/commons-lang3-3.3.2.jar:/Users/kaushik.p/.m2/repository/org/apache/httpcomponents/httpmime/4.3.3/httpmime-4.3.3.jar:/Users/kaushik.p/.m2/repository/net/sourceforge/htmlunit/htmlunit-core-js/2.15/htmlunit-core-js-2.15.jar:/Users/kaushik.p/.m2/repository/xerces/xercesImpl/2.11.0/xercesImpl-2.11.0.jar:/Users/kaushik.p/.m2/repository/xml-apis/xml-apis/1.4.01/xml-apis-1.4.01.jar:/Users/kaushik.p/.m2/repository/net/sourceforge/nekohtml/nekohtml/1.9.21/nekohtml-1.9.21.jar:/Users/kaushik.p/.m2/repository/net/sourceforge/cssparser/cssparser/0.9.14/cssparser-0.9.14.jar:/Users/kaushik.p/.m2/repository/org/w3c/css/sac/1.3/sac-1.3.jar:/Users/kaushik.p/.m2/repository/org/eclipse/jetty/jetty-websocket/8.1.15.v20140411/jetty-websocket-8.1.15.v20140411.jar:/Users/kaushik.p/.m2/repository/org/eclipse/jetty/jetty-util/8.1.15.v20140411/jetty-util-8.1.15.v20140411.jar:/Users/kaushik.p/.m2/repository/org/eclipse/jetty/jetty-io/8.1.15.v20140411/jetty-io-8.1.15.v20140411.jar:/Users/kaushik.p/.m2/repository/org/eclipse/jetty/jetty-http/8.1.15.v20140411/jetty-http-8.1.15.v20140411.jar:/Users/kaushik.p/.m2/repository/org/seleniumhq/selenium/selenium-firefox-driver/2.43.1/selenium-firefox-driver-2.43.1.jar:/Users/kaushik.p/.m2/repository/commons-io/commons-io/2.4/commons-io-2.4.jar:/Users/kaushik.p/.m2/repository/org/seleniumhq/selenium/selenium-ie-driver/2.43.1/selenium-ie-driver-2.43.1.jar:/Users/kaushik.p/.m2/repository/org/seleniumhq/selenium/selenium-safari-driver/2.43.1/selenium-safari-driver-2.43.1.jar:/Users/kaushik.p/.m2/repository/org/seleniumhq/selenium/selenium-support/2.43.1/selenium-support-2.43.1.jar:/Users/kaushik.p/.m2/repository/org/webbitserver/webbit/0.4.15/webbit-0.4.15.jar:/Users/kaushik.p/.m2/repository/io/netty/netty/3.5.5.Final/netty-3.5.5.Final.jar:/Users/kaushik.p/.m2/repository/org/seleniumhq/selenium/selenium-api/2.43.1/selenium-api-2.43.1.jar:/Users/kaushik.p/.m2/repository/org/testng/testng/6.8/testng-6.8.jar:/Users/kaushik.p/.m2/repository/junit/junit/4.10/junit-4.10.jar:/Users/kaushik.p/.m2/repository/org/hamcrest/hamcrest-core/1.1/hamcrest-core-1.1.jar:/Users/kaushik.p/.m2/repository/org/beanshell/bsh/2.0b4/bsh-2.0b4.jar:/Users/kaushik.p/.m2/repository/com/beust/jcommander/1.27/jcommander-1.27.jar:/Users/kaushik.p/.m2/repository/org/yaml/snakeyaml/1.6/snakeyaml-1.6.jar:/Users/kaushik.p/.m2/repository/io/appium/java-client/2.1.0/java-client-2.1.0.jar:/Users/kaushik.p/.m2/repository/com/google/code/gson/gson/2.2.4/gson-2.2.4.jar:/Users/kaushik.p/.m2/repository/cglib/cglib/3.1/cglib-3.1.jar:/Users/kaushik.p/.m2/repository/org/ow2/asm/asm/4.2/asm-4.2.jar:"/>
    <property name="java.vm.specification.version" value="1.8"/>
    <property name="sun.arch.data.model" value="64"/>
    <property name="java.home" value="/Library/Java/JavaVirtualMachines/jdk1.8.0_51.jdk/Contents/Home/jre"/>
    <property name="sun.java.command" value="/Users/kaushik.p/Downloads/ViewabilityTest/target/surefire/surefirebooter6772140531025293031.jar /Users/kaushik.p/Downloads/ViewabilityTest/target/surefire/surefire8629786898711605860tmp /Users/kaushik.p/Downloads/ViewabilityTest/target/surefire/surefire6959016557009586067tmp"/>
    <property name="java.specification.vendor" value="Oracle Corporation"/>
    <property name="user.language" value="en"/>
    <property name="awt.toolkit" value="sun.lwawt.macosx.LWCToolkit"/>
    <property name="java.vm.info" value="mixed mode"/>
    <property name="java.version" value="1.8.0_51"/>
    <property name="java.ext.dirs" value="/Users/kaushik.p/Library/Java/Extensions:/Library/Java/JavaVirtualMachines/jdk1.8.0_51.jdk/Contents/Home/jre/lib/ext:/Library/Java/Extensions:/Network/Library/Java/Extensions:/System/Library/Java/Extensions:/usr/lib/java"/>
    <property name="sun.boot.class.path" value="/Library/Java/JavaVirtualMachines/jdk1.8.0_51.jdk/Contents/Home/jre/lib/resources.jar:/Library/Java/JavaVirtualMachines/jdk1.8.0_51.jdk/Contents/Home/jre/lib/rt.jar:/Library/Java/JavaVirtualMachines/jdk1.8.0_51.jdk/Contents/Home/jre/lib/sunrsasign.jar:/Library/Java/JavaVirtualMachines/jdk1.8.0_51.jdk/Contents/Home/jre/lib/jsse.jar:/Library/Java/JavaVirtualMachines/jdk1.8.0_51.jdk/Contents/Home/jre/lib/jce.jar:/Library/Java/JavaVirtualMachines/jdk1.8.0_51.jdk/Contents/Home/jre/lib/charsets.jar:/Library/Java/JavaVirtualMachines/jdk1.8.0_51.jdk/Contents/Home/jre/lib/jfr.jar:/Library/Java/JavaVirtualMachines/jdk1.8.0_51.jdk/Contents/Home/jre/classes"/>
    <property name="java.vendor" value="Oracle Corporation"/>
    <property name="localRepository" value="/Users/kaushik.p/.m2/repository"/>
    <property name="file.separator" value="/"/>
    <property name="java.vendor.url.bug" value="http://bugreport.sun.com/bugreport/"/>
    <property name="sun.cpu.endian" value="little"/>
    <property name="sun.io.unicode.encoding" value="UnicodeBig"/>
    <property name="socksNonProxyHosts" value="local|*.local|169.254/16|*.169.254/16"/>
    <property name="ftp.nonProxyHosts" value="local|*.local|169.254/16|*.169.254/16"/>
    <property name="sun.cpu.isalist" value=""/>
  </properties>
  <testcase classname="com.flipkart.android.POC" name="SearchForAd" time="10.369"/>
</testsuite>