<?xml version="1.0" encoding="UTF-8"?>
<!-- Generated by org.testng.reporters.JUnitReportReporter -->
<testsuite hostname="flipkarts-MacBook-Pro-2.local" name="com.flipkart.android.POC" tests="7" failures="0" timestamp="3 Oct 2015 15:56:04 GMT" time="382.303" errors="0">
  <testcase name="SearchForAdAndClickOnIt" time="64.607" classname="com.flipkart.android.POC"/>
  <testcase name="OpenDrawerViewToSeeAd" time="60.817" classname="com.flipkart.android.POC"/>
  <testcase name="PressBackButtonOnAds" time="76.168" classname="com.flipkart.android.POC"/>
  <testcase name="CheckForEventsWhenNoAdsAppear" time="47.206" classname="com.flipkart.android.POC"/>
  <testcase name="SearchForAdAndRemoveAdFromScreen" time="42.273" classname="com.flipkart.android.POC"/>
  <testcase name="SearchForAdAndToggleToGenerateEvent" time="44.019" classname="com.flipkart.android.POC"/>
  <testcase name="SwipeOnADToProductEvent" time="47.213" classname="com.flipkart.android.POC"/>
</testsuite> <!-- com.flipkart.android.POC -->
