<?xml version="1.0" encoding="UTF-8"?>
<!-- Generated by org.testng.reporters.JUnitReportReporter -->
<testsuite hostname="flipkarts-MacBook-Pro-4.local" name="com.flipkart.android.POC" tests="1" failures="0" timestamp="7 Sep 2015 09:58:07 GMT" time="67.922" errors="0">
  <testcase name="SearchForAd" time="67.922" classname="com.flipkart.android.POC"/>
</testsuite> <!-- com.flipkart.android.POC -->
