<?xml version="1.0" encoding="UTF-8"?>
<!-- Generated by org.testng.reporters.JUnitReportReporter -->
<testsuite hostname="flipkarts-MacBook-Pro-2.local" name="com.flipkart.android.POC" tests="1" failures="0" timestamp="29 Aug 2015 09:59:09 GMT" time="10.370" errors="0">
  <testcase name="SearchForAd" time="10.370" classname="com.flipkart.android.POC"/>
</testsuite> <!-- com.flipkart.android.POC -->
